{"message":"Unauthorized request to path: /characters","level":"error"}
{"message":"Unauthorized request to path: /vfc/characters","level":"error"}
{"message":"Unauthorized request to path: /vfc/characters","level":"error"}
{"message":"Unauthorized request to path: /vfc/characters","level":"error"}
{"message":"Unauthorized request to path: /vfc/characters","level":"error"}
{"message":"Unauthorized request to path: /vfc/characters","level":"error"}
{"message":"Unauthorized request to path: /vfc/characters","level":"error"}
{"message":"Unauthorized request to path: /vfc/characters","level":"error"}
{"message":"Unauthorized request to path: /vfc/matches","level":"error"}
{"message":"match with id 4 was added","level":"info"}
{"message":"Character with name testy was created for user 3","level":"info"}
{"message":"character with id undefined was updated","level":"info"}
{"message":"character with id undefined does not exist","level":"error"}
{"message":"Character with id undefined was deleted","level":"info"}
{"message":"user with id undefined does not exist","level":"error"}
{"message":"user with id 7 does not exist","level":"error"}
{"message":"User with id 5 created","level":"info"}
{"message":"User with id 8 created","level":"info"}
{"message":"match with id 5 was added","level":"info"}
{"message":"Unauthorized request to path: /vfc/login","level":"error"}
{"message":"Unauthorized request to path: /vfc/characters/:id","level":"error"}
{"message":"Unauthorized request to path: /vfc/characters","level":"error"}
{"message":"Unauthorized request to path: /vfc/login","level":"error"}
{"message":"Unauthorized request to path: /vfc/characters/:id","level":"error"}
{"message":"Unauthorized request to path: /vfc/characters","level":"error"}
{"message":"User with id 11 created","level":"info"}
{"message":"character with id undefined was updated","level":"info"}
{"message":"character with id undefined was updated","level":"info"}
{"message":"character with id undefined was updated","level":"info"}
{"message":"character with id undefined was updated","level":"info"}
{"message":"character with id undefined was updated","level":"info"}
{"message":"character with id undefined was updated","level":"info"}
{"message":"character with id undefined was updated","level":"info"}
{"message":"character with id undefined was updated","level":"info"}
{"message":"match with id 18 was added","level":"info"}
{"message":"character with id undefined was updated","level":"info"}
{"message":"character with id undefined was updated","level":"info"}
{"message":"character with id undefined was updated","level":"info"}
{"message":"character with id undefined was updated","level":"info"}
{"message":"character with id undefined was updated","level":"info"}
{"message":"character with id undefined was updated","level":"info"}
{"message":"match with id 22 was added","level":"info"}
{"message":"match with id 23 was added","level":"info"}
{"message":"match with id 24 was added","level":"info"}
{"message":"character with id undefined was updated","level":"info"}
{"message":"character with id undefined was updated","level":"info"}
{"message":"character with id undefined was updated","level":"info"}
{"message":"character with id undefined was updated","level":"info"}
{"message":"match with id 26 was added","level":"info"}
{"message":"character with id undefined was updated","level":"info"}
{"message":"character with id undefined was updated","level":"info"}
{"message":"match with id 27 was added","level":"info"}
{"message":"character with id undefined was updated","level":"info"}
{"message":"character with id undefined was updated","level":"info"}
{"message":"match with id 28 was added","level":"info"}
{"message":"character with id undefined was updated","level":"info"}
{"message":"character with id undefined was updated","level":"info"}
{"message":"match with id 29 was added","level":"info"}
{"message":"character with id undefined was updated","level":"info"}
{"message":"character with id undefined was updated","level":"info"}
{"message":"match with id 30 was added","level":"info"}
{"message":"character with id undefined was updated","level":"info"}
{"message":"character with id undefined was updated","level":"info"}
{"message":"match with id 31 was added","level":"info"}
{"message":"character with id undefined was updated","level":"info"}
{"message":"character with id undefined was updated","level":"info"}
{"message":"match with id 32 was added","level":"info"}
{"message":"character with id undefined was updated","level":"info"}
{"message":"character with id undefined was updated","level":"info"}
{"message":"match with id 33 was added","level":"info"}
{"message":"character with id undefined was updated","level":"info"}
{"message":"character with id undefined was updated","level":"info"}
{"message":"match with id 34 was added","level":"info"}
{"message":"character with id undefined was updated","level":"info"}
{"message":"character with id undefined was updated","level":"info"}
{"message":"match with id 4 was added","level":"info"}
{"message":"character with id undefined was updated","level":"info"}
{"message":"character with id undefined was updated","level":"info"}
{"message":"match with id 5 was added","level":"info"}
{"message":"character with id undefined was updated","level":"info"}
{"message":"character with id undefined was updated","level":"info"}
{"message":"match with id 6 was added","level":"info"}
{"message":"character with id undefined was updated","level":"info"}
{"message":"character with id undefined was updated","level":"info"}
{"message":"match with id 7 was added","level":"info"}
{"message":"character with id undefined was updated","level":"info"}
{"message":"character with id undefined was updated","level":"info"}
{"message":"match with id 8 was added","level":"info"}
{"message":"character with id undefined was updated","level":"info"}
{"message":"character with id undefined was updated","level":"info"}
{"message":"match with id 9 was added","level":"info"}
{"message":"character with id undefined was updated","level":"info"}
{"message":"character with id undefined was updated","level":"info"}
{"message":"match with id 10 was added","level":"info"}
{"message":"character with id undefined was updated","level":"info"}
{"message":"character with id undefined was updated","level":"info"}
{"message":"match with id 11 was added","level":"info"}
{"message":"character with id undefined was updated","level":"info"}
{"message":"character with id undefined was updated","level":"info"}
{"message":"match with id 12 was added","level":"info"}
{"message":"character with id undefined was updated","level":"info"}
{"message":"character with id undefined was updated","level":"info"}
{"message":"match with id 13 was added","level":"info"}
{"message":"character with id undefined was updated","level":"info"}
{"message":"character with id undefined was updated","level":"info"}
{"message":"match with id 14 was added","level":"info"}
{"message":"character with id undefined was updated","level":"info"}
{"message":"character with id undefined was updated","level":"info"}
{"message":"match with id 15 was added","level":"info"}
{"message":"character with id undefined was updated","level":"info"}
{"message":"character with id undefined was updated","level":"info"}
{"message":"match with id 16 was added","level":"info"}
{"message":"character with id undefined was updated","level":"info"}
{"message":"character with id undefined was updated","level":"info"}
{"message":"match with id 17 was added","level":"info"}
{"message":"character with id undefined was updated","level":"info"}
{"message":"character with id undefined was updated","level":"info"}
{"message":"match with id 18 was added","level":"info"}
{"message":"character with id undefined was updated","level":"info"}
{"message":"character with id undefined was updated","level":"info"}
{"message":"match with id 19 was added","level":"info"}
{"message":"character with id undefined was updated","level":"info"}
{"message":"character with id undefined was updated","level":"info"}
{"message":"match with id 20 was added","level":"info"}
{"message":"character with id undefined was updated","level":"info"}
{"message":"character with id undefined was updated","level":"info"}
{"message":"match with id 21 was added","level":"info"}
{"message":"character with id undefined was updated","level":"info"}
{"message":"character with id undefined was updated","level":"info"}
{"message":"match with id 22 was added","level":"info"}
{"message":"character with id undefined was updated","level":"info"}
{"message":"character with id undefined was updated","level":"info"}
{"message":"match with id 23 was added","level":"info"}
{"message":"character with id undefined was updated","level":"info"}
{"message":"character with id undefined was updated","level":"info"}
{"message":"match with id 24 was added","level":"info"}
{"message":"character with id undefined was updated","level":"info"}
{"message":"character with id undefined was updated","level":"info"}
{"message":"match with id 25 was added","level":"info"}
{"message":"character with id undefined was updated","level":"info"}
{"message":"character with id undefined was updated","level":"info"}
{"message":"match with id 26 was added","level":"info"}
{"message":"character with id undefined was updated","level":"info"}
{"message":"character with id undefined was updated","level":"info"}
{"message":"match with id 27 was added","level":"info"}
{"message":"character with id undefined was updated","level":"info"}
{"message":"character with id undefined was updated","level":"info"}
{"message":"match with id 28 was added","level":"info"}
{"message":"character with id undefined was updated","level":"info"}
{"message":"character with id undefined was updated","level":"info"}
{"message":"match with id 29 was added","level":"info"}
{"message":"character with id undefined was updated","level":"info"}
{"message":"character with id undefined was updated","level":"info"}
{"message":"match with id 30 was added","level":"info"}
{"message":"character with id undefined was updated","level":"info"}
{"message":"character with id undefined was updated","level":"info"}
{"message":"match with id 31 was added","level":"info"}
{"message":"character with id undefined was updated","level":"info"}
{"message":"character with id undefined was updated","level":"info"}
{"message":"match with id 32 was added","level":"info"}
{"message":"character with id undefined was updated","level":"info"}
{"message":"character with id undefined was updated","level":"info"}
{"message":"match with id 33 was added","level":"info"}
{"message":"character with id undefined was updated","level":"info"}
{"message":"character with id undefined was updated","level":"info"}
{"message":"match with id 34 was added","level":"info"}
{"message":"character with id undefined was updated","level":"info"}
{"message":"character with id undefined was updated","level":"info"}
{"message":"match with id 35 was added","level":"info"}
{"message":"character with id undefined was updated","level":"info"}
{"message":"character with id undefined was updated","level":"info"}
{"message":"match with id 36 was added","level":"info"}
{"message":"character with id undefined was updated","level":"info"}
{"message":"character with id undefined was updated","level":"info"}
{"message":"match with id 37 was added","level":"info"}
{"message":"character with id undefined was updated","level":"info"}
{"message":"character with id undefined was updated","level":"info"}
{"message":"match with id 38 was added","level":"info"}
{"message":"character with id undefined was updated","level":"info"}
{"message":"character with id undefined was updated","level":"info"}
{"message":"match with id 39 was added","level":"info"}
{"message":"character with id undefined was updated","level":"info"}
{"message":"character with id undefined was updated","level":"info"}
{"message":"match with id 40 was added","level":"info"}
{"message":"character with id undefined was updated","level":"info"}
{"message":"character with id undefined was updated","level":"info"}
{"message":"match with id 41 was added","level":"info"}
{"message":"character with id undefined was updated","level":"info"}
{"message":"character with id undefined was updated","level":"info"}
{"message":"match with id 42 was added","level":"info"}
{"message":"character with id undefined was updated","level":"info"}
{"message":"character with id undefined was updated","level":"info"}
{"message":"match with id 43 was added","level":"info"}
{"message":"character with id undefined was updated","level":"info"}
{"message":"character with id undefined was updated","level":"info"}
{"message":"match with id 44 was added","level":"info"}
{"message":"character with id undefined was updated","level":"info"}
{"message":"character with id undefined was updated","level":"info"}
{"message":"match with id 45 was added","level":"info"}
{"message":"character with id undefined was updated","level":"info"}
{"message":"character with id undefined was updated","level":"info"}
{"message":"match with id 46 was added","level":"info"}
{"message":"character with id undefined was updated","level":"info"}
{"message":"character with id undefined was updated","level":"info"}
{"message":"match with id 47 was added","level":"info"}
{"message":"character with id undefined was updated","level":"info"}
{"message":"character with id undefined was updated","level":"info"}
{"message":"match with id 48 was added","level":"info"}
{"message":"character with id undefined was updated","level":"info"}
{"message":"match with id 49 was added","level":"info"}
{"message":"character with id undefined was updated","level":"info"}
{"message":"character with id undefined was updated","level":"info"}
{"message":"match with id 50 was added","level":"info"}
{"message":"character with id undefined was updated","level":"info"}
{"message":"character with id undefined was updated","level":"info"}
{"message":"character with id undefined was updated","level":"info"}
{"message":"character with id undefined was updated","level":"info"}
{"message":"match with id 51 was added","level":"info"}
{"message":"character with id undefined was updated","level":"info"}
{"message":"character with id undefined was updated","level":"info"}
{"message":"match with id 52 was added","level":"info"}
{"message":"character with id undefined was updated","level":"info"}
{"message":"character with id undefined was updated","level":"info"}
{"message":"match with id 53 was added","level":"info"}
{"message":"character with id undefined was updated","level":"info"}
{"message":"character with id undefined was updated","level":"info"}
{"message":"match with id 54 was added","level":"info"}
{"message":"character with id undefined was updated","level":"info"}
{"message":"character with id undefined was updated","level":"info"}
{"message":"match with id 55 was added","level":"info"}
{"message":"character with id undefined was updated","level":"info"}
{"message":"character with id undefined was updated","level":"info"}
{"message":"character with id undefined was updated","level":"info"}
{"message":"character with id undefined was updated","level":"info"}
{"message":"character with id undefined was updated","level":"info"}
{"message":"character with id undefined was updated","level":"info"}
{"message":"character with id undefined was updated","level":"info"}
{"message":"character with id undefined was updated","level":"info"}
{"message":"character with id undefined was updated","level":"info"}
{"message":"match with id 56 was added","level":"info"}
{"message":"character with id undefined was updated","level":"info"}
{"message":"character with id undefined was updated","level":"info"}
{"message":"match with id 57 was added","level":"info"}
{"message":"character with id undefined was updated","level":"info"}
{"message":"character with id undefined was updated","level":"info"}
{"message":"match with id 58 was added","level":"info"}
{"message":"character with id undefined was updated","level":"info"}
{"message":"character with id undefined was updated","level":"info"}
{"message":"match with id 59 was added","level":"info"}
{"message":"character with id undefined was updated","level":"info"}
{"message":"character with id undefined was updated","level":"info"}
{"message":"match with id 60 was added","level":"info"}
